Vivado Simulator 2020.2
Copyright 1986-1999, 2001-2020 Xilinx, Inc. All Rights Reserved.
Running: C:/Xilinx/Vivado/2020.2/bin/unwrapped/win64.o/xelab.exe -wto 9e51de10bca64ff2b638d5b8a1119c68 --incr --debug typical --relax --mt 2 -L xil_defaultlib -L secureip --snapshot tb_channel_behav xil_defaultlib.tb_channel -log elaborate.log 
Using 2 slave threads.
Starting static elaboration
Completed static elaboration
Starting simulation data flow analysis
Completed simulation data flow analysis
Time Resolution for simulation is 1ps
Compiling package std.standard
Compiling package std.textio
Compiling package ieee.std_logic_1164
Compiling package ieee.std_logic_arith
Compiling package ieee.numeric_std
Compiling architecture behavioral of entity xil_defaultlib.FF [ff_default]
Compiling architecture behavioral of entity xil_defaultlib.input [input_default]
Compiling architecture behavioral of entity xil_defaultlib.output [output_default]
Compiling architecture behavioral of entity xil_defaultlib.register_8 [register_8_default]
Compiling architecture behavioral of entity xil_defaultlib.channel [channel_default]
Compiling architecture behavioral of entity xil_defaultlib.tb_channel
Built simulation snapshot tb_channel_behav
